<?xml version="1.0" encoding="UTF-8"?>
<!-- Generated by org.testng.reporters.JUnitReportReporter -->
<testsuite hostname="LAPTOP-DOBLN3AU" failures="0" tests="6" name="com.qa.medicare.testcases.ProductPageTest" time="12.362" errors="0" timestamp="2021-09-30T17:08:41 IST" skipped="0">
  <testcase classname="com.qa.medicare.testcases.ProductPageTest" name="startbrowser" time="3.866"/>
  <system-out/>
  <testcase classname="com.qa.medicare.testcases.ProductPageTest" name="TestTitle" time="0.021"/>
  <system-out/>
  <testcase classname="com.qa.medicare.testcases.ProductPageTest" name="respClicktest" time="3.086"/>
  <system-out/>
  <testcase classname="com.qa.medicare.testcases.ProductPageTest" name="aspiratorClickTest" time="2.670"/>
  <system-out/>
  <testcase classname="com.qa.medicare.testcases.ProductPageTest" name="diaClick" time="2.660"/>
  <system-out/>
  <testcase classname="com.qa.medicare.testcases.ProductPageTest" name="RangeTextText" time="0.059"/>
  <system-out/>
</testsuite> <!-- com.qa.medicare.testcases.ProductPageTest -->
