<?xml version="1.0" encoding="UTF-8"?>
<!-- Generated by org.testng.reporters.JUnitReportReporter -->
<testsuite hostname="LAPTOP-DOBLN3AU" failures="0" tests="3" name="com.qa.medicare.testcases.OrderPageTest" time="19.022" errors="0" timestamp="2021-09-30T17:08:41 IST" skipped="0">
  <testcase classname="com.qa.medicare.testcases.OrderPageTest" name="StartBrowser" time="4.105"/>
  <system-out/>
  <testcase classname="com.qa.medicare.testcases.OrderPageTest" name="OrderCreateTest" time="11.715"/>
  <system-out/>
  <testcase classname="com.qa.medicare.testcases.OrderPageTest" name="HabdleAlertTest" time="3.202"/>
  <system-out/>
</testsuite> <!-- com.qa.medicare.testcases.OrderPageTest -->
