<?xml version="1.0" encoding="UTF-8"?>
<!-- Generated by org.testng.reporters.JUnitReportReporter -->
<testsuite hostname="LAPTOP-DOBLN3AU" failures="0" tests="3" name="com.qa.medicare.testcases.RespiratorypageTest" time="7.412" errors="0" timestamp="2021-09-30T17:08:41 IST" skipped="0">
  <testcase classname="com.qa.medicare.testcases.RespiratorypageTest" name="startBrowser" time="4.135"/>
  <system-out/>
  <testcase classname="com.qa.medicare.testcases.RespiratorypageTest" name="pagetittlecheckTest" time="0.014"/>
  <system-out/>
  <testcase classname="com.qa.medicare.testcases.RespiratorypageTest" name="dropdownclickTest" time="3.263"/>
  <system-out/>
</testsuite> <!-- com.qa.medicare.testcases.RespiratorypageTest -->
