<?xml version="1.0" encoding="UTF-8"?>
<!-- Generated by org.testng.reporters.JUnitReportReporter -->
<testsuite hostname="LAPTOP-DOBLN3AU" failures="0" tests="1" name="propertyDemo.TestMedicare" time="4.597" errors="0" timestamp="2021-09-29T16:34:12 IST" skipped="0">
  <testcase classname="propertyDemo.TestMedicare" name="TestorderMethod" time="4.597"/>
  <system-out/>
</testsuite> <!-- propertyDemo.TestMedicare -->
