<?xml version="1.0" encoding="UTF-8"?>
<!-- Generated by org.testng.reporters.JUnitReportReporter -->
<testsuite hostname="LAPTOP-DOBLN3AU" failures="0" tests="3" name="com.qa.medicare.testcases.RespiratorypageTest" time="7.712" errors="0" timestamp="30 Sep 2021 12:16:08 GMT" skipped="0">
  <testcase classname="com.qa.medicare.testcases.RespiratorypageTest" name="startBrowser" time="4.162"/>
  <testcase classname="com.qa.medicare.testcases.RespiratorypageTest" name="pagetittlecheckTest" time="0.008"/>
  <testcase classname="com.qa.medicare.testcases.RespiratorypageTest" name="dropdownclickTest" time="3.542"/>
</testsuite> <!-- com.qa.medicare.testcases.RespiratorypageTest -->
