<?xml version="1.0" encoding="UTF-8"?>
<!-- Generated by org.testng.reporters.JUnitReportReporter -->
<testsuite hostname="LAPTOP-DOBLN3AU" failures="0" tests="4" name="com.qa.medicare.testcases.HomePageTest" time="6.825" errors="0" timestamp="30 Sep 2021 12:16:08 GMT" skipped="0">
  <testcase classname="com.qa.medicare.testcases.HomePageTest" name="startBrowser" time="3.440"/>
  <testcase classname="com.qa.medicare.testcases.HomePageTest" name="testtitlePage" time="0.013"/>
  <testcase classname="com.qa.medicare.testcases.HomePageTest" name="AboutMedicareTest" time="0.504"/>
  <testcase classname="com.qa.medicare.testcases.HomePageTest" name="ProductClickTest" time="2.868"/>
</testsuite> <!-- com.qa.medicare.testcases.HomePageTest -->
