<?xml version="1.0" encoding="UTF-8"?>
<!-- Generated by org.testng.reporters.JUnitReportReporter -->
<testsuite hostname="LAPTOP-DOBLN3AU" failures="0" tests="3" name="com.qa.medicare.testcases.OrderPageTest" time="20.087" errors="0" timestamp="30 Sep 2021 12:16:08 GMT" skipped="0">
  <testcase classname="com.qa.medicare.testcases.OrderPageTest" name="StartBrowser" time="4.248"/>
  <testcase classname="com.qa.medicare.testcases.OrderPageTest" name="OrderCreateTest" time="12.419"/>
  <testcase classname="com.qa.medicare.testcases.OrderPageTest" name="HabdleAlertTest" time="3.420"/>
</testsuite> <!-- com.qa.medicare.testcases.OrderPageTest -->
