<?xml version="1.0" encoding="UTF-8"?>
<!-- Generated by org.testng.reporters.JUnitReportReporter -->
<testsuite hostname="LAPTOP-DOBLN3AU" failures="0" tests="4" name="com.qa.medicare.testcases.AboutPageTest" time="3.295" errors="0" timestamp="30 Sep 2021 12:16:08 GMT" skipped="0">
  <testcase classname="com.qa.medicare.testcases.AboutPageTest" name="Startbrowser" time="2.742"/>
  <testcase classname="com.qa.medicare.testcases.AboutPageTest" name="Homepagetest" time="0.482"/>
  <testcase classname="com.qa.medicare.testcases.AboutPageTest" name="AboutPageTitle" time="0.022"/>
  <testcase classname="com.qa.medicare.testcases.AboutPageTest" name="getTextValueTest" time="0.049"/>
</testsuite> <!-- com.qa.medicare.testcases.AboutPageTest -->
