<?xml version="1.0" encoding="UTF-8"?>
<!-- Generated by org.testng.reporters.JUnitReportReporter -->
<testsuite hostname="LAPTOP-DOBLN3AU" failures="0" tests="6" name="com.qa.medicare.testcases.ProductPageTest" time="12.314" errors="0" timestamp="30 Sep 2021 12:16:08 GMT" skipped="0">
  <testcase classname="com.qa.medicare.testcases.ProductPageTest" name="startbrowser" time="4.030"/>
  <testcase classname="com.qa.medicare.testcases.ProductPageTest" name="TestTitle" time="0.007"/>
  <testcase classname="com.qa.medicare.testcases.ProductPageTest" name="respClicktest" time="2.661"/>
  <testcase classname="com.qa.medicare.testcases.ProductPageTest" name="aspiratorClickTest" time="2.873"/>
  <testcase classname="com.qa.medicare.testcases.ProductPageTest" name="diaClick" time="2.700"/>
  <testcase classname="com.qa.medicare.testcases.ProductPageTest" name="RangeTextText" time="0.043"/>
</testsuite> <!-- com.qa.medicare.testcases.ProductPageTest -->
